<?xml version="1.0" encoding="UTF-8"?>
<robot generator="Robot 4.1.3 (Python 3.10.1 on win32)" generated="20221005 21:23:42.630" rpa="false" schemaversion="2">
<suite id="s1" name="Window DVR" source="C:\Users\Alejandro\Desktop\Entertainment_DVR\Window_DVR.robot">
<kw name="Open App" library="Keywords" type="SETUP">
<kw name="Open Application" library="AppiumLibrary">
<arg>${url}</arg>
<arg>platformName=${PlatFormName}</arg>
<arg>platformVersion=${PlatFormVersion}</arg>
<arg>deviceName=${DeviceName}</arg>
<arg>automationName=UiAutomator2</arg>
<arg>newCommandTimeout=2500</arg>
<arg>noReset=True</arg>
<arg>activateName=${Activity_NAME}</arg>
<arg>packageName=${PACKAGE_NAME}</arg>
<doc>Opens a new application to given Appium server.
Capabilities of appium server, Android and iOS,
Please check https://github.com/appium/appium/blob/master/docs/en/writing-running-appium/server-args.md
| *Option*            | *Man.* | *Description*     |
| remote_url          | Yes    | Appium server url |
| alias               | no     | alias             |</doc>
<status status="PASS" starttime="20221005 21:23:42.807" endtime="20221005 21:23:57.822"/>
</kw>
<status status="PASS" starttime="20221005 21:23:42.807" endtime="20221005 21:23:57.822"/>
</kw>
<test id="s1-t1" name="Test Tab Entertainment Tile VCR">
<kw name="Open App" library="Keywords">
<kw name="Open Application" library="AppiumLibrary">
<arg>${url}</arg>
<arg>platformName=${PlatFormName}</arg>
<arg>platformVersion=${PlatFormVersion}</arg>
<arg>deviceName=${DeviceName}</arg>
<arg>automationName=UiAutomator2</arg>
<arg>newCommandTimeout=2500</arg>
<arg>noReset=True</arg>
<arg>activateName=${Activity_NAME}</arg>
<arg>packageName=${PACKAGE_NAME}</arg>
<doc>Opens a new application to given Appium server.
Capabilities of appium server, Android and iOS,
Please check https://github.com/appium/appium/blob/master/docs/en/writing-running-appium/server-args.md
| *Option*            | *Man.* | *Description*     |
| remote_url          | Yes    | Appium server url |
| alias               | no     | alias             |</doc>
<status status="PASS" starttime="20221005 21:23:57.823" endtime="20221005 21:24:10.914"/>
</kw>
<status status="PASS" starttime="20221005 21:23:57.823" endtime="20221005 21:24:10.914"/>
</kw>
<kw name="Enter Window DVR" library="Keywords">
<kw name="Press Keycode" library="AppiumLibrary">
<arg>22</arg>
<doc>Sends a press of keycode to the device.</doc>
<status status="PASS" starttime="20221005 21:24:10.915" endtime="20221005 21:24:11.016"/>
</kw>
<kw name="Press Keycode" library="AppiumLibrary">
<arg>22</arg>
<doc>Sends a press of keycode to the device.</doc>
<status status="PASS" starttime="20221005 21:24:11.016" endtime="20221005 21:24:11.612"/>
</kw>
<kw name="Press Keycode" library="AppiumLibrary">
<arg>23</arg>
<doc>Sends a press of keycode to the device.</doc>
<status status="PASS" starttime="20221005 21:24:11.612" endtime="20221005 21:24:12.292"/>
</kw>
<kw name="Wait Until Element Is Visible" library="AppiumLibrary">
<arg>id=com.sentrics.engage360:id/tvFilterSeated</arg>
<doc>Waits until element specified with `locator` is visible.</doc>
<status status="PASS" starttime="20221005 21:24:12.292" endtime="20221005 21:24:15.609"/>
</kw>
<status status="PASS" starttime="20221005 21:24:10.915" endtime="20221005 21:24:15.610"/>
</kw>
<kw name="Enter Window See All Recording" library="Keywords">
<kw name="Press Keycode" library="AppiumLibrary">
<arg>23</arg>
<doc>Sends a press of keycode to the device.</doc>
<status status="PASS" starttime="20221005 21:24:15.610" endtime="20221005 21:24:15.669"/>
</kw>
<kw name="Wait Until Element Is Visible" library="AppiumLibrary">
<arg>id=com.sentrics.engage360:id/tvSorting</arg>
<doc>Waits until element specified with `locator` is visible.</doc>
<status status="PASS" starttime="20221005 21:24:15.669" endtime="20221005 21:24:16.888"/>
</kw>
<kw name="Press Keycode" library="AppiumLibrary">
<arg>4</arg>
<doc>Sends a press of keycode to the device.</doc>
<status status="PASS" starttime="20221005 21:24:16.889" endtime="20221005 21:24:17.009"/>
</kw>
<kw name="Wait Until Element Is Visible" library="AppiumLibrary">
<arg>id=com.sentrics.engage360:id/tvFilterSeated</arg>
<doc>Waits until element specified with `locator` is visible.</doc>
<status status="PASS" starttime="20221005 21:24:17.009" endtime="20221005 21:24:17.875"/>
</kw>
<status status="PASS" starttime="20221005 21:24:15.610" endtime="20221005 21:24:17.875"/>
</kw>
<kw name="Enter Window Recording Schedule" library="Keywords">
<kw name="Press Keycode" library="AppiumLibrary">
<arg>22</arg>
<doc>Sends a press of keycode to the device.</doc>
<status status="PASS" starttime="20221005 21:24:17.876" endtime="20221005 21:24:17.959"/>
</kw>
<kw name="Wait Until Element Is Visible" library="AppiumLibrary">
<arg>id=com.sentrics.engage360:id/tvOptionRecordingSchedule</arg>
<doc>Waits until element specified with `locator` is visible.</doc>
<status status="PASS" starttime="20221005 21:24:17.960" endtime="20221005 21:24:18.608"/>
</kw>
<kw name="Press Keycode" library="AppiumLibrary">
<arg>23</arg>
<doc>Sends a press of keycode to the device.</doc>
<status status="PASS" starttime="20221005 21:24:18.608" endtime="20221005 21:24:18.675"/>
</kw>
<kw name="Wait Until Element Is Visible" library="AppiumLibrary">
<arg>id=com.sentrics.engage360:id/recording_schedule_calendar_title</arg>
<doc>Waits until element specified with `locator` is visible.</doc>
<status status="PASS" starttime="20221005 21:24:18.676" endtime="20221005 21:24:19.735"/>
</kw>
<kw name="Press Keycode" library="AppiumLibrary">
<arg>4</arg>
<doc>Sends a press of keycode to the device.</doc>
<status status="PASS" starttime="20221005 21:24:19.736" endtime="20221005 21:24:19.848"/>
</kw>
<kw name="Wait Until Element Is Visible" library="AppiumLibrary">
<arg>id=com.sentrics.engage360:id/tvOptionRecordingSchedule</arg>
<doc>Waits until element specified with `locator` is visible.</doc>
<status status="PASS" starttime="20221005 21:24:19.848" endtime="20221005 21:24:20.637"/>
</kw>
<status status="PASS" starttime="20221005 21:24:17.876" endtime="20221005 21:24:20.637"/>
</kw>
<kw name="Enter Window Recording Priority" library="Keywords">
<kw name="Press Keycode" library="AppiumLibrary">
<arg>22</arg>
<doc>Sends a press of keycode to the device.</doc>
<status status="PASS" starttime="20221005 21:24:20.639" endtime="20221005 21:24:20.767"/>
</kw>
<kw name="Wait Until Element Is Visible" library="AppiumLibrary">
<arg>id=com.sentrics.engage360:id/tvOptionSeriesPriority</arg>
<doc>Waits until element specified with `locator` is visible.</doc>
<status status="PASS" starttime="20221005 21:24:20.767" endtime="20221005 21:24:21.367"/>
</kw>
<kw name="Press Keycode" library="AppiumLibrary">
<arg>23</arg>
<doc>Sends a press of keycode to the device.</doc>
<status status="PASS" starttime="20221005 21:24:21.368" endtime="20221005 21:24:21.447"/>
</kw>
<kw name="Wait Until Element Is Visible" library="AppiumLibrary">
<arg>id=com.sentrics.engage360:id/series_priority_title</arg>
<doc>Waits until element specified with `locator` is visible.</doc>
<status status="PASS" starttime="20221005 21:24:21.447" endtime="20221005 21:24:22.366"/>
</kw>
<kw name="Press Keycode" library="AppiumLibrary">
<arg>4</arg>
<doc>Sends a press of keycode to the device.</doc>
<status status="PASS" starttime="20221005 21:24:22.366" endtime="20221005 21:24:22.493"/>
</kw>
<kw name="Wait Until Element Is Visible" library="AppiumLibrary">
<arg>id=com.sentrics.engage360:id/tvOptionSeriesPriority</arg>
<doc>Waits until element specified with `locator` is visible.</doc>
<status status="PASS" starttime="20221005 21:24:22.493" endtime="20221005 21:24:23.307"/>
</kw>
<status status="PASS" starttime="20221005 21:24:20.638" endtime="20221005 21:24:23.307"/>
</kw>
<kw name="Enter Window DVR Storage" library="Keywords">
<kw name="Press Keycode" library="AppiumLibrary">
<arg>22</arg>
<doc>Sends a press of keycode to the device.</doc>
<status status="PASS" starttime="20221005 21:24:23.308" endtime="20221005 21:24:23.395"/>
</kw>
<kw name="Wait Until Element Is Visible" library="AppiumLibrary">
<arg>id=com.sentrics.engage360:id/tvOptionDVRStorage</arg>
<doc>Waits until element specified with `locator` is visible.</doc>
<status status="PASS" starttime="20221005 21:24:23.395" endtime="20221005 21:24:24.016"/>
</kw>
<kw name="Press Keycode" library="AppiumLibrary">
<arg>23</arg>
<doc>Sends a press of keycode to the device.</doc>
<status status="PASS" starttime="20221005 21:24:24.016" endtime="20221005 21:24:24.073"/>
</kw>
<kw name="Wait Until Element Is Visible" library="AppiumLibrary">
<arg>id=com.sentrics.engage360:id/recording_storage_title</arg>
<doc>Waits until element specified with `locator` is visible.</doc>
<status status="PASS" starttime="20221005 21:24:24.073" endtime="20221005 21:24:25.814"/>
</kw>
<kw name="Press Keycode" library="AppiumLibrary">
<arg>4</arg>
<doc>Sends a press of keycode to the device.</doc>
<status status="PASS" starttime="20221005 21:24:25.814" endtime="20221005 21:24:25.984"/>
</kw>
<kw name="Wait Until Element Is Visible" library="AppiumLibrary">
<arg>id=com.sentrics.engage360:id/tvOptionSeriesPriority</arg>
<doc>Waits until element specified with `locator` is visible.</doc>
<status status="PASS" starttime="20221005 21:24:25.984" endtime="20221005 21:24:26.844"/>
</kw>
<kw name="Press Keycode" library="AppiumLibrary">
<arg>4</arg>
<doc>Sends a press of keycode to the device.</doc>
<status status="PASS" starttime="20221005 21:24:26.844" endtime="20221005 21:24:26.935"/>
</kw>
<status status="PASS" starttime="20221005 21:24:23.307" endtime="20221005 21:24:26.935"/>
</kw>
<tag>Automation</tag>
<status status="PASS" starttime="20221005 21:23:57.823" endtime="20221005 21:24:26.935"/>
</test>
<kw name="Close All Applications" library="AppiumLibrary" type="TEARDOWN">
<doc>Closes all open applications.</doc>
<status status="PASS" starttime="20221005 21:24:26.937" endtime="20221005 21:24:27.095"/>
</kw>
<status status="PASS" starttime="20221005 21:23:42.631" endtime="20221005 21:24:27.095"/>
</suite>
<statistics>
<total>
<stat pass="1" fail="0" skip="0">All Tests</stat>
</total>
<tag>
<stat pass="1" fail="0" skip="0">Automation</stat>
</tag>
<suite>
<stat pass="1" fail="0" skip="0" id="s1" name="Window DVR">Window DVR</stat>
</suite>
</statistics>
<errors>
</errors>
</robot>
