<?xml version="1.0" encoding="UTF-8"?>
<robot generator="Robot 4.1.3 (Python 3.10.1 on win32)" generated="20220830 16:14:28.211" rpa="false" schemaversion="2">
<suite id="s1" name="Window DVR" source="C:\Users\Alejandro\Desktop\Entertainment_DVR\Window_DVR.robot">
<kw name="Open App" library="Keywords" type="SETUP">
<kw name="Open Application" library="AppiumLibrary">
<arg>${url}</arg>
<arg>platformName=${PlatFormName}</arg>
<arg>platformVersion=${PlatFormVersion}</arg>
<arg>deviceName=${DeviceName}</arg>
<arg>automationName=UiAutomator2</arg>
<arg>newCommandTimeout=2500</arg>
<arg>noReset=True</arg>
<arg>activateName=${Activity_NAME}</arg>
<arg>packageName=${PACKAGE_NAME}</arg>
<doc>Opens a new application to given Appium server.
Capabilities of appium server, Android and iOS,
Please check https://github.com/appium/appium/blob/master/docs/en/writing-running-appium/server-args.md
| *Option*            | *Man.* | *Description*     |
| remote_url          | Yes    | Appium server url |
| alias               | no     | alias             |</doc>
<status status="PASS" starttime="20220830 16:14:28.384" endtime="20220830 16:14:42.356"/>
</kw>
<status status="PASS" starttime="20220830 16:14:28.383" endtime="20220830 16:14:42.356"/>
</kw>
<test id="s1-t1" name="Test Tab Entertainment Tile VCR">
<kw name="Open App" library="Keywords">
<kw name="Open Application" library="AppiumLibrary">
<arg>${url}</arg>
<arg>platformName=${PlatFormName}</arg>
<arg>platformVersion=${PlatFormVersion}</arg>
<arg>deviceName=${DeviceName}</arg>
<arg>automationName=UiAutomator2</arg>
<arg>newCommandTimeout=2500</arg>
<arg>noReset=True</arg>
<arg>activateName=${Activity_NAME}</arg>
<arg>packageName=${PACKAGE_NAME}</arg>
<doc>Opens a new application to given Appium server.
Capabilities of appium server, Android and iOS,
Please check https://github.com/appium/appium/blob/master/docs/en/writing-running-appium/server-args.md
| *Option*            | *Man.* | *Description*     |
| remote_url          | Yes    | Appium server url |
| alias               | no     | alias             |</doc>
<status status="PASS" starttime="20220830 16:14:42.357" endtime="20220830 16:14:55.747"/>
</kw>
<status status="PASS" starttime="20220830 16:14:42.357" endtime="20220830 16:14:55.747"/>
</kw>
<kw name="Enter Window DVR" library="Keywords">
<kw name="Press Keycode" library="AppiumLibrary">
<arg>22</arg>
<doc>Sends a press of keycode to the device.</doc>
<status status="PASS" starttime="20220830 16:14:55.748" endtime="20220830 16:14:55.804"/>
</kw>
<kw name="Press Keycode" library="AppiumLibrary">
<arg>22</arg>
<doc>Sends a press of keycode to the device.</doc>
<status status="PASS" starttime="20220830 16:14:55.804" endtime="20220830 16:14:56.415"/>
</kw>
<kw name="Press Keycode" library="AppiumLibrary">
<arg>23</arg>
<doc>Sends a press of keycode to the device.</doc>
<status status="PASS" starttime="20220830 16:14:56.416" endtime="20220830 16:14:57.175"/>
</kw>
<kw name="Wait Until Element Is Visible" library="AppiumLibrary">
<arg>id=com.sentrics.engage360:id/tvFilterSeated</arg>
<doc>Waits until element specified with `locator` is visible.</doc>
<status status="PASS" starttime="20220830 16:14:57.175" endtime="20220830 16:15:00.671"/>
</kw>
<status status="PASS" starttime="20220830 16:14:55.748" endtime="20220830 16:15:00.671"/>
</kw>
<kw name="Enter Window See All Recording" library="Keywords">
<kw name="Press Keycode" library="AppiumLibrary">
<arg>23</arg>
<doc>Sends a press of keycode to the device.</doc>
<status status="PASS" starttime="20220830 16:15:00.672" endtime="20220830 16:15:00.748"/>
</kw>
<kw name="Wait Until Element Is Visible" library="AppiumLibrary">
<arg>id=com.sentrics.engage360:id/tvSorting</arg>
<doc>Waits until element specified with `locator` is visible.</doc>
<status status="PASS" starttime="20220830 16:15:00.748" endtime="20220830 16:15:02.004"/>
</kw>
<kw name="Press Keycode" library="AppiumLibrary">
<arg>4</arg>
<doc>Sends a press of keycode to the device.</doc>
<status status="PASS" starttime="20220830 16:15:02.004" endtime="20220830 16:15:02.225"/>
</kw>
<kw name="Wait Until Element Is Visible" library="AppiumLibrary">
<arg>id=com.sentrics.engage360:id/tvFilterSeated</arg>
<doc>Waits until element specified with `locator` is visible.</doc>
<status status="PASS" starttime="20220830 16:15:02.226" endtime="20220830 16:15:03.164"/>
</kw>
<status status="PASS" starttime="20220830 16:15:00.671" endtime="20220830 16:15:03.164"/>
</kw>
<kw name="Enter Window Recording Schedule" library="Keywords">
<kw name="Press Keycode" library="AppiumLibrary">
<arg>22</arg>
<doc>Sends a press of keycode to the device.</doc>
<status status="PASS" starttime="20220830 16:15:03.165" endtime="20220830 16:15:03.372"/>
</kw>
<kw name="Wait Until Element Is Visible" library="AppiumLibrary">
<arg>id=com.sentrics.engage360:id/tvOptionRecordingSchedule</arg>
<doc>Waits until element specified with `locator` is visible.</doc>
<status status="PASS" starttime="20220830 16:15:03.372" endtime="20220830 16:15:04.049"/>
</kw>
<kw name="Press Keycode" library="AppiumLibrary">
<arg>23</arg>
<doc>Sends a press of keycode to the device.</doc>
<status status="PASS" starttime="20220830 16:15:04.049" endtime="20220830 16:15:04.122"/>
</kw>
<kw name="Wait Until Element Is Visible" library="AppiumLibrary">
<arg>id=com.sentrics.engage360:id/recording_schedule_calendar_title</arg>
<doc>Waits until element specified with `locator` is visible.</doc>
<status status="PASS" starttime="20220830 16:15:04.122" endtime="20220830 16:15:05.281"/>
</kw>
<kw name="Press Keycode" library="AppiumLibrary">
<arg>4</arg>
<doc>Sends a press of keycode to the device.</doc>
<status status="PASS" starttime="20220830 16:15:05.281" endtime="20220830 16:15:05.441"/>
</kw>
<kw name="Wait Until Element Is Visible" library="AppiumLibrary">
<arg>id=com.sentrics.engage360:id/tvOptionRecordingSchedule</arg>
<doc>Waits until element specified with `locator` is visible.</doc>
<status status="PASS" starttime="20220830 16:15:05.441" endtime="20220830 16:15:06.281"/>
</kw>
<status status="PASS" starttime="20220830 16:15:03.165" endtime="20220830 16:15:06.281"/>
</kw>
<kw name="Enter Window Recording Priority" library="Keywords">
<kw name="Press Keycode" library="AppiumLibrary">
<arg>22</arg>
<doc>Sends a press of keycode to the device.</doc>
<status status="PASS" starttime="20220830 16:15:06.282" endtime="20220830 16:15:06.351"/>
</kw>
<kw name="Wait Until Element Is Visible" library="AppiumLibrary">
<arg>id=com.sentrics.engage360:id/tvOptionSeriesPriority</arg>
<doc>Waits until element specified with `locator` is visible.</doc>
<status status="PASS" starttime="20220830 16:15:06.352" endtime="20220830 16:15:07.001"/>
</kw>
<kw name="Press Keycode" library="AppiumLibrary">
<arg>23</arg>
<doc>Sends a press of keycode to the device.</doc>
<status status="PASS" starttime="20220830 16:15:07.001" endtime="20220830 16:15:07.070"/>
</kw>
<kw name="Wait Until Element Is Visible" library="AppiumLibrary">
<arg>id=com.sentrics.engage360:id/series_priority_title</arg>
<doc>Waits until element specified with `locator` is visible.</doc>
<status status="PASS" starttime="20220830 16:15:07.071" endtime="20220830 16:15:08.152"/>
</kw>
<kw name="Press Keycode" library="AppiumLibrary">
<arg>4</arg>
<doc>Sends a press of keycode to the device.</doc>
<status status="PASS" starttime="20220830 16:15:08.152" endtime="20220830 16:15:08.268"/>
</kw>
<kw name="Wait Until Element Is Visible" library="AppiumLibrary">
<arg>id=com.sentrics.engage360:id/tvOptionSeriesPriority</arg>
<doc>Waits until element specified with `locator` is visible.</doc>
<status status="PASS" starttime="20220830 16:15:08.268" endtime="20220830 16:15:09.106"/>
</kw>
<status status="PASS" starttime="20220830 16:15:06.282" endtime="20220830 16:15:09.106"/>
</kw>
<kw name="Enter Window DVR Storage" library="Keywords">
<kw name="Press Keycode" library="AppiumLibrary">
<arg>22</arg>
<doc>Sends a press of keycode to the device.</doc>
<status status="PASS" starttime="20220830 16:15:09.107" endtime="20220830 16:15:09.207"/>
</kw>
<kw name="Wait Until Element Is Visible" library="AppiumLibrary">
<arg>id=com.sentrics.engage360:id/tvOptionDVRStorage</arg>
<doc>Waits until element specified with `locator` is visible.</doc>
<status status="PASS" starttime="20220830 16:15:09.208" endtime="20220830 16:15:09.891"/>
</kw>
<kw name="Press Keycode" library="AppiumLibrary">
<arg>23</arg>
<doc>Sends a press of keycode to the device.</doc>
<status status="PASS" starttime="20220830 16:15:09.891" endtime="20220830 16:15:09.957"/>
</kw>
<kw name="Wait Until Element Is Visible" library="AppiumLibrary">
<arg>id=com.sentrics.engage360:id/recording_storage_title</arg>
<doc>Waits until element specified with `locator` is visible.</doc>
<status status="PASS" starttime="20220830 16:15:09.957" endtime="20220830 16:15:11.938"/>
</kw>
<kw name="Press Keycode" library="AppiumLibrary">
<arg>4</arg>
<doc>Sends a press of keycode to the device.</doc>
<status status="PASS" starttime="20220830 16:15:11.939" endtime="20220830 16:15:12.092"/>
</kw>
<kw name="Wait Until Element Is Visible" library="AppiumLibrary">
<arg>id=com.sentrics.engage360:id/tvOptionSeriesPriority</arg>
<doc>Waits until element specified with `locator` is visible.</doc>
<status status="PASS" starttime="20220830 16:15:12.092" endtime="20220830 16:15:12.950"/>
</kw>
<kw name="Press Keycode" library="AppiumLibrary">
<arg>4</arg>
<doc>Sends a press of keycode to the device.</doc>
<status status="PASS" starttime="20220830 16:15:12.950" endtime="20220830 16:15:13.111"/>
</kw>
<status status="PASS" starttime="20220830 16:15:09.106" endtime="20220830 16:15:13.111"/>
</kw>
<tag>Automation</tag>
<status status="PASS" starttime="20220830 16:14:42.356" endtime="20220830 16:15:13.112"/>
</test>
<kw name="Close All Applications" library="AppiumLibrary" type="TEARDOWN">
<doc>Closes all open applications.</doc>
<status status="PASS" starttime="20220830 16:15:13.114" endtime="20220830 16:15:13.278"/>
</kw>
<status status="PASS" starttime="20220830 16:14:28.212" endtime="20220830 16:15:13.278"/>
</suite>
<statistics>
<total>
<stat pass="1" fail="0" skip="0">All Tests</stat>
</total>
<tag>
<stat pass="1" fail="0" skip="0">Automation</stat>
</tag>
<suite>
<stat pass="1" fail="0" skip="0" id="s1" name="Window DVR">Window DVR</stat>
</suite>
</statistics>
<errors>
</errors>
</robot>
